<?xml version="1.0" encoding="UTF-8" standalone="yes"?><!DOCTYPE report PUBLIC "-//JACOCO//DTD Report 1.1//EN" "report.dtd"><report name="minesweeper"><sessioninfo id="DESKTOP-NR15AVN-323ed68c" start="1763238598324" dump="1763238600716"/><package name="mines"><class name="mines/Board" sourcefilename="Board.java"><method name="&lt;init&gt;" desc="(Ljavax/swing/JLabel;)V" line="32"><counter type="INSTRUCTION" missed="0" covered="52"/><counter type="BRANCH" missed="0" covered="2"/><counter type="LINE" missed="0" covered="13"/><counter type="COMPLEXITY" missed="0" covered="2"/><counter type="METHOD" missed="0" covered="1"/></method><method name="newGame" desc="()V" line="53"><counter type="INSTRUCTION" missed="0" covered="63"/><counter type="BRANCH" missed="0" covered="6"/><counter type="LINE" missed="0" covered="13"/><counter type="COMPLEXITY" missed="0" covered="4"/><counter type="METHOD" missed="0" covered="1"/></method><method name="placeMineAt" desc="(I)Z" line="71"><counter type="INSTRUCTION" missed="0" covered="22"/><counter type="BRANCH" missed="1" covered="3"/><counter type="LINE" missed="0" covered="4"/><counter type="COMPLEXITY" missed="1" covered="2"/><counter type="METHOD" missed="0" covered="1"/></method><method name="incrementNeighbors" desc="(I)V" line="79"><counter type="INSTRUCTION" missed="0" covered="60"/><counter type="BRANCH" missed="2" covered="16"/><counter type="LINE" missed="0" covered="8"/><counter type="COMPLEXITY" missed="2" covered="8"/><counter type="METHOD" missed="0" covered="1"/></method><method name="findEmptyCells" desc="(I)V" line="93"><counter type="INSTRUCTION" missed="68" covered="0"/><counter type="BRANCH" missed="20" covered="0"/><counter type="LINE" missed="10" covered="0"/><counter type="COMPLEXITY" missed="11" covered="0"/><counter type="METHOD" missed="1" covered="0"/></method><method name="paint" desc="(Ljava/awt/Graphics;)V" line="113"><counter type="INSTRUCTION" missed="21" covered="52"/><counter type="BRANCH" missed="8" covered="4"/><counter type="LINE" missed="6" covered="8"/><counter type="COMPLEXITY" missed="5" covered="2"/><counter type="METHOD" missed="0" covered="1"/></method><method name="getCellImageIndex" desc="(I)I" line="134"><counter type="INSTRUCTION" missed="24" covered="11"/><counter type="BRANCH" missed="11" covered="3"/><counter type="LINE" missed="5" covered="3"/><counter type="COMPLEXITY" missed="7" covered="1"/><counter type="METHOD" missed="0" covered="1"/></method><counter type="INSTRUCTION" missed="113" covered="260"/><counter type="BRANCH" missed="42" covered="34"/><counter type="LINE" missed="21" covered="49"/><counter type="COMPLEXITY" missed="26" covered="19"/><counter type="METHOD" missed="1" covered="6"/><counter type="CLASS" missed="0" covered="1"/></class><class name="mines/Board$MinesAdapter" sourcefilename="Board.java"><method name="&lt;init&gt;" desc="(Lmines/Board;)V" line="146"><counter type="INSTRUCTION" missed="0" covered="6"/><counter type="LINE" missed="0" covered="1"/><counter type="COMPLEXITY" missed="0" covered="1"/><counter type="METHOD" missed="0" covered="1"/></method><method name="mousePressed" desc="(Ljava/awt/event/MouseEvent;)V" line="149"><counter type="INSTRUCTION" missed="188" covered="0"/><counter type="BRANCH" missed="26" covered="0"/><counter type="LINE" missed="30" covered="0"/><counter type="COMPLEXITY" missed="14" covered="0"/><counter type="METHOD" missed="1" covered="0"/></method><counter type="INSTRUCTION" missed="188" covered="6"/><counter type="BRANCH" missed="26" covered="0"/><counter type="LINE" missed="30" covered="1"/><counter type="COMPLEXITY" missed="14" covered="1"/><counter type="METHOD" missed="1" covered="1"/><counter type="CLASS" missed="0" covered="1"/></class><class name="mines/Mines" sourcefilename="Mines.java"><method name="&lt;init&gt;" desc="()V" line="14"><counter type="INSTRUCTION" missed="0" covered="41"/><counter type="LINE" missed="0" covered="11"/><counter type="COMPLEXITY" missed="0" covered="1"/><counter type="METHOD" missed="0" covered="1"/></method><method name="main" desc="([Ljava/lang/String;)V" line="30"><counter type="INSTRUCTION" missed="5" covered="0"/><counter type="LINE" missed="2" covered="0"/><counter type="COMPLEXITY" missed="1" covered="0"/><counter type="METHOD" missed="1" covered="0"/></method><counter type="INSTRUCTION" missed="5" covered="41"/><counter type="LINE" missed="2" covered="11"/><counter type="COMPLEXITY" missed="1" covered="1"/><counter type="METHOD" missed="1" covered="1"/><counter type="CLASS" missed="0" covered="1"/></class><sourcefile name="Mines.java"><line nr="14" mi="0" ci="2" mb="0" cb="0"/><line nr="15" mi="0" ci="3" mb="0" cb="0"/><line nr="16" mi="0" ci="4" mb="0" cb="0"/><line nr="17" mi="0" ci="3" mb="0" cb="0"/><line nr="18" mi="0" ci="3" mb="0" cb="0"/><line nr="20" mi="0" ci="6" mb="0" cb="0"/><line nr="21" mi="0" ci="5" mb="0" cb="0"/><line nr="23" mi="0" ci="8" mb="0" cb="0"/><line nr="25" mi="0" ci="3" mb="0" cb="0"/><line nr="26" mi="0" ci="3" mb="0" cb="0"/><line nr="27" mi="0" ci="1" mb="0" cb="0"/><line nr="30" mi="4" ci="0" mb="0" cb="0"/><line nr="31" mi="1" ci="0" mb="0" cb="0"/><counter type="INSTRUCTION" missed="5" covered="41"/><counter type="LINE" missed="2" covered="11"/><counter type="COMPLEXITY" missed="1" covered="1"/><counter type="METHOD" missed="1" covered="1"/><counter type="CLASS" missed="0" covered="1"/></sourcefile><sourcefile name="Board.java"><line nr="32" mi="0" ci="3" mb="0" cb="0"/><line nr="33" mi="0" ci="3" mb="0" cb="0"/><line nr="34" mi="0" ci="3" mb="0" cb="0"/><line nr="38" mi="0" ci="2" mb="0" cb="0"/><line nr="39" mi="0" ci="3" mb="0" cb="0"/><line nr="41" mi="0" ci="4" mb="0" cb="0"/><line nr="42" mi="0" ci="7" mb="0" cb="2"/><line nr="43" mi="0" ci="3" mb="0" cb="0"/><line nr="44" mi="0" ci="12" mb="0" cb="0"/><line nr="47" mi="0" ci="3" mb="0" cb="0"/><line nr="48" mi="0" ci="6" mb="0" cb="0"/><line nr="49" mi="0" ci="2" mb="0" cb="0"/><line nr="50" mi="0" ci="1" mb="0" cb="0"/><line nr="53" mi="0" ci="4" mb="0" cb="0"/><line nr="54" mi="0" ci="3" mb="0" cb="0"/><line nr="55" mi="0" ci="4" mb="0" cb="0"/><line nr="56" mi="0" ci="7" mb="0" cb="0"/><line nr="57" mi="0" ci="5" mb="0" cb="0"/><line nr="59" mi="0" ci="13" mb="0" cb="2"/><line nr="61" mi="0" ci="6" mb="0" cb="0"/><line nr="63" mi="0" ci="2" mb="0" cb="0"/><line nr="64" mi="0" ci="4" mb="0" cb="2"/><line nr="65" mi="0" ci="8" mb="0" cb="0"/><line nr="66" mi="0" ci="5" mb="0" cb="2"/><line nr="67" mi="0" ci="1" mb="0" cb="0"/><line nr="68" mi="0" ci="1" mb="0" cb="0"/><line nr="71" mi="0" ci="12" mb="1" cb="3"/><line nr="73" mi="0" ci="5" mb="0" cb="0"/><line nr="74" mi="0" ci="3" mb="0" cb="0"/><line nr="75" mi="0" ci="2" mb="0" cb="0"/><line nr="79" mi="0" ci="7" mb="0" cb="2"/><line nr="80" mi="0" ci="7" mb="0" cb="2"/><line nr="81" mi="0" ci="5" mb="0" cb="4"/><line nr="82" mi="0" ci="9" mb="0" cb="0"/><line nr="83" mi="0" ci="5" mb="0" cb="0"/><line nr="84" mi="0" ci="18" mb="2" cb="8"/><line nr="86" mi="0" ci="8" mb="0" cb="0"/><line nr="90" mi="0" ci="1" mb="0" cb="0"/><line nr="93" mi="7" ci="0" mb="2" cb="0"/><line nr="94" mi="7" ci="0" mb="2" cb="0"/><line nr="95" mi="5" ci="0" mb="4" cb="0"/><line nr="96" mi="9" ci="0" mb="0" cb="0"/><line nr="97" mi="5" ci="0" mb="0" cb="0"/><line nr="99" mi="18" ci="0" mb="10" cb="0"/><line nr="102" mi="8" ci="0" mb="0" cb="0"/><line nr="103" mi="5" ci="0" mb="2" cb="0"/><line nr="104" mi="3" ci="0" mb="0" cb="0"/><line nr="109" mi="1" ci="0" mb="0" cb="0"/><line nr="113" mi="0" ci="2" mb="0" cb="0"/><line nr="115" mi="0" ci="8" mb="1" cb="1"/><line nr="116" mi="0" ci="8" mb="0" cb="2"/><line nr="117" mi="0" ci="7" mb="0" cb="0"/><line nr="118" mi="0" ci="5" mb="0" cb="0"/><line nr="119" mi="0" ci="4" mb="0" cb="0"/><line nr="120" mi="0" ci="4" mb="1" cb="1"/><line nr="121" mi="0" ci="14" mb="0" cb="0"/><line nr="125" mi="5" ci="0" mb="4" cb="0"/><line nr="126" mi="3" ci="0" mb="0" cb="0"/><line nr="127" mi="5" ci="0" mb="0" cb="0"/><line nr="128" mi="3" ci="0" mb="2" cb="0"/><line nr="129" mi="4" ci="0" mb="0" cb="0"/><line nr="131" mi="1" ci="0" mb="0" cb="0"/><line nr="134" mi="0" ci="3" mb="1" cb="1"/><line nr="135" mi="5" ci="0" mb="2" cb="0"/><line nr="136" mi="5" ci="0" mb="2" cb="0"/><line nr="137" mi="5" ci="0" mb="2" cb="0"/><line nr="138" mi="5" ci="0" mb="2" cb="0"/><line nr="140" mi="2" ci="3" mb="1" cb="1"/><line nr="141" mi="0" ci="5" mb="1" cb="1"/><line nr="143" mi="2" ci="0" mb="0" cb="0"/><line nr="146" mi="0" ci="6" mb="0" cb="0"/><line nr="149" mi="3" ci="0" mb="0" cb="0"/><line nr="150" mi="3" ci="0" mb="0" cb="0"/><line nr="151" mi="4" ci="0" mb="0" cb="0"/><line nr="152" mi="4" ci="0" mb="0" cb="0"/><line nr="153" mi="2" ci="0" mb="0" cb="0"/><line nr="155" mi="4" ci="0" mb="2" cb="0"/><line nr="156" mi="3" ci="0" mb="0" cb="0"/><line nr="157" mi="3" ci="0" mb="0" cb="0"/><line nr="160" mi="14" ci="0" mb="4" cb="0"/><line nr="161" mi="8" ci="0" mb="0" cb="0"/><line nr="163" mi="4" ci="0" mb="2" cb="0"/><line nr="164" mi="7" ci="0" mb="2" cb="0"/><line nr="165" mi="2" ci="0" mb="0" cb="0"/><line nr="167" mi="7" ci="0" mb="2" cb="0"/><line nr="168" mi="4" ci="0" mb="2" cb="0"/><line nr="169" mi="9" ci="0" mb="0" cb="0"/><line nr="170" mi="7" ci="0" mb="0" cb="0"/><line nr="171" mi="9" ci="0" mb="0" cb="0"/><line nr="173" mi="6" ci="0" mb="0" cb="0"/><line nr="176" mi="9" ci="0" mb="0" cb="0"/><line nr="177" mi="7" ci="0" mb="0" cb="0"/><line nr="178" mi="9" ci="0" mb="0" cb="0"/><line nr="182" mi="8" ci="0" mb="2" cb="0"/><line nr="184" mi="14" ci="0" mb="4" cb="0"/><line nr="185" mi="9" ci="0" mb="0" cb="0"/><line nr="186" mi="2" ci="0" mb="0" cb="0"/><line nr="188" mi="11" ci="0" mb="2" cb="0"/><line nr="189" mi="10" ci="0" mb="2" cb="0"/><line nr="193" mi="5" ci="0" mb="2" cb="0"/><line nr="195" mi="1" ci="0" mb="0" cb="0"/><counter type="INSTRUCTION" missed="301" covered="266"/><counter type="BRANCH" missed="68" covered="34"/><counter type="LINE" missed="51" covered="50"/><counter type="COMPLEXITY" missed="40" covered="20"/><counter type="METHOD" missed="2" covered="7"/><counter type="CLASS" missed="0" covered="2"/></sourcefile><counter type="INSTRUCTION" missed="306" covered="307"/><counter type="BRANCH" missed="68" covered="34"/><counter type="LINE" missed="53" covered="61"/><counter type="COMPLEXITY" missed="41" covered="21"/><counter type="METHOD" missed="3" covered="8"/><counter type="CLASS" missed="0" covered="3"/></package><counter type="INSTRUCTION" missed="306" covered="307"/><counter type="BRANCH" missed="68" covered="34"/><counter type="LINE" missed="53" covered="61"/><counter type="COMPLEXITY" missed="41" covered="21"/><counter type="METHOD" missed="3" covered="8"/><counter type="CLASS" missed="0" covered="3"/></report>